<?xml version="1.0" encoding="UTF-8"?>
<!-- Generated by org.testng.reporters.JUnitReportReporter -->
<testsuite hostname="DigientQALap04" failures="0" tests="1" name="testCases.redeem_Testcase" time="1.844" errors="0" timestamp="2021-05-07T14:00:33 IST" skipped="0">
  <testcase classname="testCases.redeem_Testcase" name="f" time="1.844"/>
  <system-out/>
</testsuite> <!-- testCases.redeem_Testcase -->
