<?xml version="1.0" encoding="UTF-8"?>
<!-- Generated by org.testng.reporters.JUnitReportReporter -->
<testsuite skipped="0" hostname="LAPTOP-FET714UI" name="testCases.loginValidation_TestCases" tests="1" failures="0" timestamp="2021-04-13T12:00:10 IST" time="41.232" errors="0">
  <testcase name="LoginValidation" time="41.232" classname="testCases.loginValidation_TestCases"/>
  <system-out>
RummyBaazi Site Opens  </system-out>
</testsuite> <!-- testCases.loginValidation_TestCases -->
