<?xml version="1.0" encoding="UTF-8"?>
<!-- Generated by org.testng.reporters.JUnitReportReporter -->
<testsuite skipped="0" hostname="LAPTOP-FET714UI" name="testCases.multipleLogin_TestCases" tests="2" failures="0" timestamp="2021-04-13T12:00:10 IST" time="61.352" errors="0">
  <testcase name="MultiLoginAction" time="42.114" classname="testCases.multipleLogin_TestCases"/>
  <system-out/>
  <testcase name="MultiLoginAction" time="19.238" classname="testCases.multipleLogin_TestCases"/>
  <system-out/>
</testsuite> <!-- testCases.multipleLogin_TestCases -->
